[1/10] cl /c /Zp8 /GR /W3 /EHs /nologo /MD /D_CRT_SECURE_NO_DEPRECATE /D_SCL_SECURE_NO_DEPRECATE /D_SECURE_SCL=0   /DMATLAB_MEX_FILE  /DMATLAB_MEX_FILE /O2 /Oy- /DNDEBUG /fp:strict /I "." /I "C:\Users\customer\MEGAsync\Hadi\Friends\Research\Tendon Robot - Izad\Model\Izad TMTDyn\eom" /I ".\interface" /I "C:\Program Files\MATLAB\R2020b\extern\include" /I "." -DMODEL=rksF_mex   rksF_data.c /Fobuild\win64\rksF_data.obj
rksF_data.c
[2/10] cl /c /Zp8 /GR /W3 /EHs /nologo /MD /D_CRT_SECURE_NO_DEPRECATE /D_SCL_SECURE_NO_DEPRECATE /D_SECURE_SCL=0   /DMATLAB_MEX_FILE  /DMATLAB_MEX_FILE /O2 /Oy- /DNDEBUG /fp:strict /I "." /I "C:\Users\customer\MEGAsync\Hadi\Friends\Research\Tendon Robot - Izad\Model\Izad TMTDyn\eom" /I ".\interface" /I "C:\Program Files\MATLAB\R2020b\extern\include" /I "." -DMODEL=rksF_mex   interface\_coder_rksF_info.c /Fobuild\win64\_coder_rksF_info.obj
_coder_rksF_info.c
[3/10] cl /c /Zp8 /GR /W3 /EHs /nologo /MD /D_CRT_SECURE_NO_DEPRECATE /D_SCL_SECURE_NO_DEPRECATE /D_SECURE_SCL=0   /DMATLAB_MEX_FILE  /DMATLAB_MEX_FILE /O2 /Oy- /DNDEBUG /fp:strict /I "." /I "C:\Users\customer\MEGAsync\Hadi\Friends\Research\Tendon Robot - Izad\Model\Izad TMTDyn\eom" /I ".\interface" /I "C:\Program Files\MATLAB\R2020b\extern\include" /I "." -DMODEL=rksF_mex   rt_nonfinite.c /Fobuild\win64\rt_nonfinite.obj
rt_nonfinite.c
[4/10] cl /c /Zp8 /GR /W3 /EHs /nologo /MD /D_CRT_SECURE_NO_DEPRECATE /D_SCL_SECURE_NO_DEPRECATE /D_SECURE_SCL=0   /DMATLAB_MEX_FILE  /DMATLAB_MEX_FILE /O2 /Oy- /DNDEBUG /fp:strict /I "." /I "C:\Users\customer\MEGAsync\Hadi\Friends\Research\Tendon Robot - Izad\Model\Izad TMTDyn\eom" /I ".\interface" /I "C:\Program Files\MATLAB\R2020b\extern\include" /I "." -DMODEL=rksF_mex   rksF_terminate.c /Fobuild\win64\rksF_terminate.obj
rksF_terminate.c
[5/10] cl /c /Zp8 /GR /W3 /EHs /nologo /MD /D_CRT_SECURE_NO_DEPRECATE /D_SCL_SECURE_NO_DEPRECATE /D_SECURE_SCL=0   /DMATLAB_MEX_FILE  /DMATLAB_MEX_FILE /O2 /Oy- /DNDEBUG /fp:strict /I "." /I "C:\Users\customer\MEGAsync\Hadi\Friends\Research\Tendon Robot - Izad\Model\Izad TMTDyn\eom" /I ".\interface" /I "C:\Program Files\MATLAB\R2020b\extern\include" /I "." -DMODEL=rksF_mex   rksF_initialize.c /Fobuild\win64\rksF_initialize.obj
rksF_initialize.c
[6/10] cl /c /Zp8 /GR /W3 /EHs /nologo /MD /D_CRT_SECURE_NO_DEPRECATE /D_SCL_SECURE_NO_DEPRECATE /D_SECURE_SCL=0   /DMATLAB_MEX_FILE  /DMATLAB_MEX_FILE /O2 /Oy- /DNDEBUG /fp:strict /I "." /I "C:\Users\customer\MEGAsync\Hadi\Friends\Research\Tendon Robot - Izad\Model\Izad TMTDyn\eom" /I ".\interface" /I "C:\Program Files\MATLAB\R2020b\extern\include" /I "." -DMODEL=rksF_mex   interface\_coder_rksF_mex.c /Fobuild\win64\_coder_rksF_mex.obj
_coder_rksF_mex.c
[7/10] cl /c /Zp8 /GR /W3 /EHs /nologo /MD /D_CRT_SECURE_NO_DEPRECATE /D_SCL_SECURE_NO_DEPRECATE /D_SECURE_SCL=0   /DMATLAB_MEX_FILE  /DMATLAB_MEX_FILE /O2 /Oy- /DNDEBUG /fp:strict /I "." /I "C:\Users\customer\MEGAsync\Hadi\Friends\Research\Tendon Robot - Izad\Model\Izad TMTDyn\eom" /I ".\interface" /I "C:\Program Files\MATLAB\R2020b\extern\include" /I "." -DMODEL=rksF_mex   "C:\Program Files\MATLAB\R2020b\extern\version\c_mexapi_version.c" /Fobuild\win64\c_mexapi_version.obj
c_mexapi_version.c
[8/10] cl /c /Zp8 /GR /W3 /EHs /nologo /MD /D_CRT_SECURE_NO_DEPRECATE /D_SCL_SECURE_NO_DEPRECATE /D_SECURE_SCL=0   /DMATLAB_MEX_FILE  /DMATLAB_MEX_FILE /O2 /Oy- /DNDEBUG /fp:strict /I "." /I "C:\Users\customer\MEGAsync\Hadi\Friends\Research\Tendon Robot - Izad\Model\Izad TMTDyn\eom" /I ".\interface" /I "C:\Program Files\MATLAB\R2020b\extern\include" /I "." -DMODEL=rksF_mex   interface\_coder_rksF_api.c /Fobuild\win64\_coder_rksF_api.obj
_coder_rksF_api.c
[9/10] cl /c /Zp8 /GR /W3 /EHs /nologo /MD /D_CRT_SECURE_NO_DEPRECATE /D_SCL_SECURE_NO_DEPRECATE /D_SECURE_SCL=0   /DMATLAB_MEX_FILE  /DMATLAB_MEX_FILE /O2 /Oy- /DNDEBUG /fp:strict /I "." /I "C:\Users\customer\MEGAsync\Hadi\Friends\Research\Tendon Robot - Izad\Model\Izad TMTDyn\eom" /I ".\interface" /I "C:\Program Files\MATLAB\R2020b\extern\include" /I "." -DMODEL=rksF_mex   rksF.c /Fobuild\win64\rksF.obj
rksF.c
[10/10] link @rksF_mex.mexw64.rsp /nologo /manifest   /DLL /LIBPATH:"C:\Program Files\MATLAB\R2020b\extern\lib\win64\microsoft" libmx.lib libmex.lib libmat.lib kernel32.lib user32.lib gdi32.lib winspool.lib comdlg32.lib advapi32.lib shell32.lib ole32.lib oleaut32.lib uuid.lib odbc32.lib odbccp32.lib  /out:"rksF_mex.mexw64" libemlrt.lib libcovrt.lib libut.lib libmwmathutil.lib  /export:mexFunction /export:mexfilerequiredapiversion /export:emlrtMexFcnProperties /export:rksF /export:rksF_initialize /export:rksF_terminate /export:rksF_atexit
   Creating library rksF_mex.lib and object rksF_mex.exp
